{
  "stats": {
    "suites": 1,
    "tests": 1,
    "passes": 1,
    "pending": 0,
    "failures": 0,
    "start": "2025-06-26T04:35:40.927Z",
    "end": "2025-06-26T04:35:44.559Z",
    "duration": 3632,
    "testsRegistered": 1,
    "passPercent": 100,
    "pendingPercent": 0,
    "other": 0,
    "hasOther": false,
    "skipped": 0,
    "hasSkipped": false
  },
  "results": [
    {
      "uuid": "78865de4-347e-447d-b924-9c9b404933c3",
      "title": "",
      "fullFile": "/Users/fera.fanesya/IdeaProjects/web_automation1/tests/test-sauce.js",
      "file": "/tests/test-sauce.js",
      "beforeHooks": [],
      "afterHooks": [],
      "tests": [],
      "suites": [
        {
          "uuid": "1279a07b-3062-409c-ad00-774275973889",
          "title": "Google Search Test",
          "fullFile": "/Users/fera.fanesya/IdeaProjects/web_automation1/tests/test-sauce.js",
          "file": "/tests/test-sauce.js",
          "beforeHooks": [],
          "afterHooks": [],
          "tests": [
            {
              "title": "Visit SauceDemo dan cek page title",
              "fullTitle": "Google Search Test Visit SauceDemo dan cek page title",
              "timedOut": false,
              "duration": 3621,
              "state": "passed",
              "speed": "slow",
              "pass": true,
              "fail": false,
              "pending": false,
              "context": null,
              "code": "driver = await new Builder().forBrowser('chrome').build();\nawait driver.get('https://www.saucedemo.com');\n\n//    let inputUsername = await driver.findElement(By.css('[data-test=\"username\"]'));\n//    let inputPassword = await driver.findElement(By.xpath('//*[@data-test=\"password\"]'));\n//    let buttonLogin = await driver.findElement(By.className('submit-button btn_action'));\n//\n//    await inputUsername.sendKeys('standard_user');\n//    await inputPassword.sendKeys('secret_sauce');\n//    await buttonLogin.click();\n\n//    const   title = await driver.getTitle();\n//    assert.strictEqual(title, 'Swag Labs');\nlet buttonLogin = await driver.findElement(By.className('submit-button btn_action'));\nconst isButtonTrue = await buttonLogin.isDisplayed();\nassert.strictEqual(isButtonTrue, true)\n\n//    const apakahCheckboxActive = await buttonLogin.isSelected();\n//    assert.strictEqual(apakahCheckboxActive, true)\n\n\nawait driver.quit();",
              "err": {},
              "uuid": "b5b3dfc0-3fde-40e6-88b9-700baf260774",
              "parentUUID": "1279a07b-3062-409c-ad00-774275973889",
              "isHook": false,
              "skipped": false
            }
          ],
          "suites": [],
          "passes": [
            "b5b3dfc0-3fde-40e6-88b9-700baf260774"
          ],
          "failures": [],
          "pending": [],
          "skipped": [],
          "duration": 3621,
          "root": false,
          "rootEmpty": false,
          "_timeout": 60000
        }
      ],
      "passes": [],
      "failures": [],
      "pending": [],
      "skipped": [],
      "duration": 0,
      "root": true,
      "rootEmpty": true,
      "_timeout": 60000
    }
  ],
  "meta": {
    "mocha": {
      "version": "10.8.2"
    },
    "mochawesome": {
      "options": {
        "quiet": false,
        "reportFilename": "mochawesome",
        "saveHtml": true,
        "saveJson": true,
        "consoleReporter": "spec",
        "useInlineDiffs": false,
        "code": true
      },
      "version": "7.1.3"
    },
    "marge": {
      "options": null,
      "version": "6.2.0"
    }
  }
}