{
  "stats": {
    "suites": 2,
    "tests": 3,
    "passes": 3,
    "pending": 0,
    "failures": 0,
    "start": "2025-06-26T06:55:47.435Z",
    "end": "2025-06-26T06:55:57.032Z",
    "duration": 9597,
    "testsRegistered": 3,
    "passPercent": 100,
    "pendingPercent": 0,
    "other": 0,
    "hasOther": false,
    "skipped": 0,
    "hasSkipped": false
  },
  "results": [
    {
      "uuid": "6e4d4129-e078-49ea-8578-70e1485d035f",
      "title": "",
      "fullFile": "",
      "file": "",
      "beforeHooks": [],
      "afterHooks": [],
      "tests": [],
      "suites": [
        {
          "uuid": "6a7ed331-f3ba-446f-bc3e-d2365c1daed8",
          "title": "SauceDemo Automation",
          "fullFile": "/Users/fera.fanesya/IdeaProjects/web_automation1/tests/sesi9_FeraFanesya_webAutomation1.js",
          "file": "/tests/sesi9_FeraFanesya_webAutomation1.js",
          "beforeHooks": [
            {
              "title": "\"before all\" hook in \"SauceDemo Automation\"",
              "fullTitle": "SauceDemo Automation \"before all\" hook in \"SauceDemo Automation\"",
              "timedOut": false,
              "duration": 4475,
              "state": null,
              "speed": null,
              "pass": false,
              "fail": false,
              "pending": false,
              "context": null,
              "code": "driver = await new Builder().forBrowser('firefox').build();",
              "err": {},
              "uuid": "ccc1adb2-82f2-4219-a671-0f74284fa83f",
              "parentUUID": "6a7ed331-f3ba-446f-bc3e-d2365c1daed8",
              "isHook": true,
              "skipped": false
            }
          ],
          "afterHooks": [
            {
              "title": "\"after all\" hook in \"SauceDemo Automation\"",
              "fullTitle": "SauceDemo Automation \"after all\" hook in \"SauceDemo Automation\"",
              "timedOut": false,
              "duration": 591,
              "state": null,
              "speed": null,
              "pass": false,
              "fail": false,
              "pending": false,
              "context": null,
              "code": "await driver.quit();",
              "err": {},
              "uuid": "943ce360-0199-4e77-aaf7-12bc45477ab1",
              "parentUUID": "6a7ed331-f3ba-446f-bc3e-d2365c1daed8",
              "isHook": true,
              "skipped": false
            }
          ],
          "tests": [
            {
              "title": "Sukses Login",
              "fullTitle": "SauceDemo Automation Sukses Login",
              "timedOut": false,
              "duration": 1032,
              "state": "passed",
              "speed": "slow",
              "pass": true,
              "fail": false,
              "pending": false,
              "context": null,
              "code": "await loginSauceDemo();\nconst title = await driver.getTitle();\nassert.strictEqual(title, 'Swag Labs');",
              "err": {},
              "uuid": "724ab100-163b-479c-8d23-1348b58cceaf",
              "parentUUID": "6a7ed331-f3ba-446f-bc3e-d2365c1daed8",
              "isHook": false,
              "skipped": false
            },
            {
              "title": "Urutkan produk dari A to Z",
              "fullTitle": "SauceDemo Automation Urutkan produk dari A to Z",
              "timedOut": false,
              "duration": 419,
              "state": "passed",
              "speed": "slow",
              "pass": true,
              "fail": false,
              "pending": false,
              "context": null,
              "code": "await loginSauceDemo(); // login ulang agar DOM segar\nconst option1 = await driver.wait(\n  until.elementLocated(By.xpath('//*[@id=\"header_container\"]/div[2]/div/span/select/option[1]')),\n  10000\n);\nconst optionText = await option1.getText();\nassert.strictEqual(optionText, 'Name (A to Z)');",
              "err": {},
              "uuid": "266e790f-3108-4b98-9ec5-54bba64f13c8",
              "parentUUID": "6a7ed331-f3ba-446f-bc3e-d2365c1daed8",
              "isHook": false,
              "skipped": false
            }
          ],
          "suites": [],
          "passes": [
            "724ab100-163b-479c-8d23-1348b58cceaf",
            "266e790f-3108-4b98-9ec5-54bba64f13c8"
          ],
          "failures": [],
          "pending": [],
          "skipped": [],
          "duration": 1451,
          "root": false,
          "rootEmpty": false,
          "_timeout": 30000
        },
        {
          "uuid": "1a2e90ca-5532-48b3-b429-58df0cb10741",
          "title": "Google Search Test",
          "fullFile": "/Users/fera.fanesya/IdeaProjects/web_automation1/tests/test-sauce.js",
          "file": "/tests/test-sauce.js",
          "beforeHooks": [],
          "afterHooks": [],
          "tests": [
            {
              "title": "Visit SauceDemo dan cek page title",
              "fullTitle": "Google Search Test Visit SauceDemo dan cek page title",
              "timedOut": false,
              "duration": 3064,
              "state": "passed",
              "speed": "slow",
              "pass": true,
              "fail": false,
              "pending": false,
              "context": null,
              "code": "driver = await new Builder().forBrowser('chrome').build();\nawait driver.get('https://www.saucedemo.com');\nlet inputUsername = await driver.findElement(By.css('[data-test=\"username\"]'));\nlet inputPassword = await driver.findElement(By.xpath('//*[@data-test=\"password\"]'));\nlet buttonLogin = await driver.findElement(By.className('submit-button btn_action'));\nawait inputUsername.sendKeys('standard_user');\nawait inputPassword.sendKeys('secret_sauce');\nawait buttonLogin.click();\n\n//await driver.quit();\n\n//    const   title = await driver.getTitle();\n//    assert.strictEqual(title, 'Swag Labs');\n\n//    let buttonLogin = await driver.findElement(By.className('submit-button btn_action'));\n//    const isButtonTrue = await buttonLogin.isDisplayed();\n//    assert.strictEqual(isButtonTrue, true)\n\n//    const apakahCheckboxActive = await buttonLogin.isSelected();\n//    assert.strictEqual(apakahCheckboxActive, true)\n\n\nawait driver.quit();",
              "err": {},
              "uuid": "fd8b9311-a19e-4b52-b6d4-d77b6fb6dcd3",
              "parentUUID": "1a2e90ca-5532-48b3-b429-58df0cb10741",
              "isHook": false,
              "skipped": false
            }
          ],
          "suites": [],
          "passes": [
            "fd8b9311-a19e-4b52-b6d4-d77b6fb6dcd3"
          ],
          "failures": [],
          "pending": [],
          "skipped": [],
          "duration": 3064,
          "root": false,
          "rootEmpty": false,
          "_timeout": 60000
        }
      ],
      "passes": [],
      "failures": [],
      "pending": [],
      "skipped": [],
      "duration": 0,
      "root": true,
      "rootEmpty": true,
      "_timeout": 60000
    }
  ],
  "meta": {
    "mocha": {
      "version": "10.8.2"
    },
    "mochawesome": {
      "options": {
        "quiet": false,
        "reportFilename": "mochawesome",
        "saveHtml": true,
        "saveJson": true,
        "consoleReporter": "spec",
        "useInlineDiffs": false,
        "code": true
      },
      "version": "7.1.3"
    },
    "marge": {
      "options": null,
      "version": "6.2.0"
    }
  }
}